#-----------------------------------------------------------
# Vivado v2022.1 (64-bit)
# SW Build 3526262 on Mon Apr 18 15:47:01 MDT 2022
# IP Build 3524634 on Mon Apr 18 20:55:01 MDT 2022
# Start of session at: Thu Oct 20 11:17:42 2022
# Process ID: 248113
# Current directory: /home/builder/Lab04b
# Command line: vivado -mode batch -source build.tcl
# Log file: /home/builder/Lab04b/vivado.log
# Journal file: /home/builder/Lab04b/vivado.jou
# Running On: EECS-DIGITAL-22, OS: Linux, CPU Frequency: 3695.589 MHz, CPU Physical cores: 4, Host memory: 8225 MB
#-----------------------------------------------------------
source build.tcl
# set partNum xc7a100tcsg324-1
# set outputDir obj
# file mkdir $outputDir
# set files [glob -nocomplain "$outputDir/*"]
# if {[llength $files] != 0} {
#     # clear folder contents
#     puts "deleting contents of $outputDir"
#     file delete -force {*}[glob -directory $outputDir *];
# } else {
#     puts "$outputDir is empty"
# }
deleting contents of obj
# read_verilog -sv [ glob ./src/*.sv ]
# read_verilog  [ glob ./src/*.v ]
# read_xdc ./xdc/top_level.xdc
# read_mem [ glob ./data/*.mem ]
# set_part $partNum
INFO: [Coretcl 2-1500] The part has been set to 'xc7a100tcsg324-1' for the current project only. Run set_part -help for more details. To evaluate different speed grades in the current design, use the set_speed_grade command, or use the open_checkpoint -part command to change the part used by an existing checkpoint design.
# synth_design -top top_level -part $partNum -verbose
Command: synth_design -top top_level -part xc7a100tcsg324-1 -verbose
Starting synth_design
Attempting to get a license for feature 'Synthesis' and/or device 'xc7a100t'
INFO: [Common 17-349] Got license for feature 'Synthesis' and/or device 'xc7a100t'
INFO: [Device 21-403] Loading part xc7a100tcsg324-1
INFO: [Synth 8-7079] Multithreading enabled for synth_design using a maximum of 4 processes.
INFO: [Synth 8-7078] Launching helper process for spawning children vivado processes
INFO: [Synth 8-7075] Helper process launched with PID 248135
ERROR: [Synth 8-2715] syntax error near 1ns [/home/builder/Lab04b/src/top_level.sv:1]
ERROR: [Synth 8-2715] syntax error near output [/home/builder/Lab04b/src/top_level.sv:16]
ERROR: [Synth 8-8779] SystemVerilog keyword output used in incorrect context [/home/builder/Lab04b/src/top_level.sv:16]
ERROR: [Synth 8-2715] syntax error near output [/home/builder/Lab04b/src/top_level.sv:17]
ERROR: [Synth 8-8779] SystemVerilog keyword output used in incorrect context [/home/builder/Lab04b/src/top_level.sv:17]
ERROR: [Synth 8-2715] syntax error near ) [/home/builder/Lab04b/src/top_level.sv:20]
ERROR: [Synth 8-2715] syntax error near assign [/home/builder/Lab04b/src/top_level.sv:24]
ERROR: [Synth 8-8779] SystemVerilog keyword assign used in incorrect context [/home/builder/Lab04b/src/top_level.sv:24]
Failed to read verilog '/home/builder/Lab04b/src/top_level.sv'
INFO: [Common 17-83] Releasing license: Synthesis
6 Infos, 0 Warnings, 0 Critical Warnings and 9 Errors encountered.
synth_design failed
ERROR: [Common 17-69] Command failed: Synthesis failed - please see the console or run log file for details
INFO: [Common 17-206] Exiting Vivado at Thu Oct 20 11:17:56 2022...
