#-----------------------------------------------------------
# Vivado v2022.1 (64-bit)
# SW Build 3526262 on Mon Apr 18 15:47:01 MDT 2022
# IP Build 3524634 on Mon Apr 18 20:55:01 MDT 2022
# Start of session at: Thu Oct  6 21:36:40 2022
# Process ID: 32359
# Current directory: /home/builder/lab04/lab04_release-master
# Command line: vivado -mode batch -source build.tcl
# Log file: /home/builder/lab04/lab04_release-master/vivado.log
# Journal file: /home/builder/lab04/lab04_release-master/vivado.jou
# Running On: EECS-DIGITAL-27, OS: Linux, CPU Frequency: 3489.965 MHz, CPU Physical cores: 4, Host memory: 8225 MB
#-----------------------------------------------------------
source build.tcl
# set partNum xc7a100tcsg324-1
# set outputDir obj
# file mkdir $outputDir
# set files [glob -nocomplain "$outputDir/*"]
# if {[llength $files] != 0} {
#     # clear folder contents
#     puts "deleting contents of $outputDir"
#     file delete -force {*}[glob -directory $outputDir *];
# } else {
#     puts "$outputDir is empty"
# }
obj is empty
# read_verilog -sv [ glob ./src/*.sv ]
# read_xdc ./xdc/top_level.xdc
# read_mem [ glob ./data/*.mem ]
# set_part $partNum
INFO: [Coretcl 2-1500] The part has been set to 'xc7a100tcsg324-1' for the current project only. Run set_part -help for more details. To evaluate different speed grades in the current design, use the set_speed_grade command, or use the open_checkpoint -part command to change the part used by an existing checkpoint design.
# synth_design -top top_level -part $partNum -verbose
Command: synth_design -top top_level -part xc7a100tcsg324-1 -verbose
Starting synth_design
Attempting to get a license for feature 'Synthesis' and/or device 'xc7a100t'
INFO: [Common 17-349] Got license for feature 'Synthesis' and/or device 'xc7a100t'
INFO: [Device 21-403] Loading part xc7a100tcsg324-1
INFO: [Synth 8-7079] Multithreading enabled for synth_design using a maximum of 4 processes.
INFO: [Synth 8-7078] Launching helper process for spawning children vivado processes
INFO: [Synth 8-7075] Helper process launched with PID 32379
ERROR: [Synth 8-2158] illegal operand for operator ?: [/home/builder/lab04/lab04_release-master/src/top_level.sv:371]
ERROR: [Synth 8-1718] cannot assign an unpacked type to a packed type [/home/builder/lab04/lab04_release-master/src/top_level.sv:371]
ERROR: [Synth 8-1718] cannot assign an unpacked type to a packed type [/home/builder/lab04/lab04_release-master/src/top_level.sv:371]
ERROR: [Synth 8-2158] illegal operand for operator ?: [/home/builder/lab04/lab04_release-master/src/top_level.sv:372]
ERROR: [Synth 8-1718] cannot assign an unpacked type to a packed type [/home/builder/lab04/lab04_release-master/src/top_level.sv:372]
ERROR: [Synth 8-1718] cannot assign an unpacked type to a packed type [/home/builder/lab04/lab04_release-master/src/top_level.sv:372]
ERROR: [Synth 8-2158] illegal operand for operator ?: [/home/builder/lab04/lab04_release-master/src/top_level.sv:373]
ERROR: [Synth 8-1718] cannot assign an unpacked type to a packed type [/home/builder/lab04/lab04_release-master/src/top_level.sv:373]
ERROR: [Synth 8-1718] cannot assign an unpacked type to a packed type [/home/builder/lab04/lab04_release-master/src/top_level.sv:373]
INFO: [Synth 8-8750] module 'top_level' ignored due to previous errors [/home/builder/lab04/lab04_release-master/src/top_level.sv:386]
Failed to read verilog '/home/builder/lab04/lab04_release-master/src/top_level.sv'
INFO: [Common 17-83] Releasing license: Synthesis
7 Infos, 0 Warnings, 0 Critical Warnings and 10 Errors encountered.
synth_design failed
ERROR: [Common 17-69] Command failed: Synthesis failed - please see the console or run log file for details
INFO: [Common 17-206] Exiting Vivado at Thu Oct  6 21:36:53 2022...
