Copyright 1986-2022 Xilinx, Inc. All Rights Reserved.
------------------------------------------------------------------------------------
| Tool Version : Vivado v.2022.1 (lin64) Build 3526262 Mon Apr 18 15:47:01 MDT 2022
| Date         : Thu Oct 20 11:20:32 2022
| Host         : EECS-DIGITAL-22 running 64-bit Ubuntu 20.04.5 LTS
| Command      : report_timing_summary -file obj/post_route_timing_summary.rpt
| Design       : top_level
| Device       : 7a100t-csg324
| Speed File   : -1  PRODUCTION 1.23 2018-06-13
------------------------------------------------------------------------------------

Timing Summary Report

------------------------------------------------------------------------------------------------
| Timer Settings
| --------------
------------------------------------------------------------------------------------------------

  Enable Multi Corner Analysis               :  Yes
  Enable Pessimism Removal                   :  Yes
  Pessimism Removal Resolution               :  Nearest Common Node
  Enable Input Delay Default Clock           :  No
  Enable Preset / Clear Arcs                 :  No
  Disable Flight Delays                      :  No
  Ignore I/O Paths                           :  No
  Timing Early Launch at Borrowing Latches   :  No
  Borrow Time for Max Delay Exceptions       :  Yes
  Merge Timing Exceptions                    :  Yes

  Corner  Analyze    Analyze    
  Name    Max Paths  Min Paths  
  ------  ---------  ---------  
  Slow    Yes        Yes        
  Fast    Yes        Yes        


------------------------------------------------------------------------------------------------
| Report Methodology
| ------------------
------------------------------------------------------------------------------------------------

No report available as report_methodology has not been run prior. Run report_methodology on the current design for the summary of methodology violations.



check_timing report

Table of Contents
-----------------
1. checking no_clock (127)
2. checking constant_clock (0)
3. checking pulse_width_clock (0)
4. checking unconstrained_internal_endpoints (1059)
5. checking no_input_delay (28)
6. checking no_output_delay (31)
7. checking multiple_clock (0)
8. checking generated_clocks (0)
9. checking loops (0)
10. checking partial_input_delay (0)
11. checking partial_output_delay (0)
12. checking latch_loops (0)

1. checking no_clock (127)
--------------------------
 There are 127 register/latch pins with no clock driven by root clock pin: cam_clk_in_reg/Q (HIGH)


2. checking constant_clock (0)
------------------------------
 There are 0 register/latch pins with constant_clock.


3. checking pulse_width_clock (0)
---------------------------------
 There are 0 register/latch pins which need pulse_width check


4. checking unconstrained_internal_endpoints (1059)
---------------------------------------------------
 There are 1059 pins that are not constrained for maximum delay. (HIGH)

 There are 0 pins that are not constrained for maximum delay due to constant clock.


5. checking no_input_delay (28)
-------------------------------
 There are 28 input ports with no input delay specified. (HIGH)

 There are 0 input ports with no input delay but user has a false path constraint.


6. checking no_output_delay (31)
--------------------------------
 There are 31 ports with no output delay specified. (HIGH)

 There are 0 ports with no output delay but user has a false path constraint

 There are 0 ports with no output delay but with a timing clock defined on it or propagating through it


7. checking multiple_clock (0)
------------------------------
 There are 0 register/latch pins with multiple clocks.


8. checking generated_clocks (0)
--------------------------------
 There are 0 generated clocks that are not connected to a clock source.


9. checking loops (0)
---------------------
 There are 0 combinational loops in the design.


10. checking partial_input_delay (0)
------------------------------------
 There are 0 input ports with partial input delay specified.


11. checking partial_output_delay (0)
-------------------------------------
 There are 0 ports with partial output delay specified.


12. checking latch_loops (0)
----------------------------
 There are 0 combinational latch loops in the design through latch input



------------------------------------------------------------------------------------------------
| Design Timing Summary
| ---------------------
------------------------------------------------------------------------------------------------

    WNS(ns)      TNS(ns)  TNS Failing Endpoints  TNS Total Endpoints      WHS(ns)      THS(ns)  THS Failing Endpoints  THS Total Endpoints     WPWS(ns)     TPWS(ns)  TPWS Failing Endpoints  TPWS Total Endpoints  
    -------      -------  ---------------------  -------------------      -------      -------  ---------------------  -------------------     --------     --------  ----------------------  --------------------  
      3.818        0.000                      0                 2267        0.106        0.000                      0                 2267        3.000        0.000                       0                   659  


All user specified timing constraints are met.


------------------------------------------------------------------------------------------------
| Clock Summary
| -------------
------------------------------------------------------------------------------------------------

Clock                 Waveform(ns)       Period(ns)      Frequency(MHz)
-----                 ------------       ----------      --------------
sys_clk_pin           {0.000 5.000}      10.000          100.000         
  clk_out1_clk_wiz_0  {0.000 7.692}      15.385          65.000          
  clkfbout_clk_wiz_0  {0.000 25.000}     50.000          20.000          


------------------------------------------------------------------------------------------------
| Intra Clock Table
| -----------------
------------------------------------------------------------------------------------------------

Clock                     WNS(ns)      TNS(ns)  TNS Failing Endpoints  TNS Total Endpoints      WHS(ns)      THS(ns)  THS Failing Endpoints  THS Total Endpoints     WPWS(ns)     TPWS(ns)  TPWS Failing Endpoints  TPWS Total Endpoints  
-----                     -------      -------  ---------------------  -------------------      -------      -------  ---------------------  -------------------     --------     --------  ----------------------  --------------------  
sys_clk_pin                                                                                                                                                             3.000        0.000                       0                     1  
  clk_out1_clk_wiz_0        3.818        0.000                      0                 2267        0.106        0.000                      0                 2267        6.712        0.000                       0                   655  
  clkfbout_clk_wiz_0                                                                                                                                                   47.845        0.000                       0                     3  


------------------------------------------------------------------------------------------------
| Inter Clock Table
| -----------------
------------------------------------------------------------------------------------------------

From Clock    To Clock          WNS(ns)      TNS(ns)  TNS Failing Endpoints  TNS Total Endpoints      WHS(ns)      THS(ns)  THS Failing Endpoints  THS Total Endpoints  
----------    --------          -------      -------  ---------------------  -------------------      -------      -------  ---------------------  -------------------  


------------------------------------------------------------------------------------------------
| Other Path Groups Table
| -----------------------
------------------------------------------------------------------------------------------------

Path Group    From Clock    To Clock          WNS(ns)      TNS(ns)  TNS Failing Endpoints  TNS Total Endpoints      WHS(ns)      THS(ns)  THS Failing Endpoints  THS Total Endpoints  
----------    ----------    --------          -------      -------  ---------------------  -------------------      -------      -------  ---------------------  -------------------  


------------------------------------------------------------------------------------------------
| Timing Details
| --------------
------------------------------------------------------------------------------------------------


---------------------------------------------------------------------------------------------------
From Clock:  sys_clk_pin
  To Clock:  sys_clk_pin

Setup :           NA  Failing Endpoints,  Worst Slack           NA  ,  Total Violation           NA
Hold  :           NA  Failing Endpoints,  Worst Slack           NA  ,  Total Violation           NA
PW    :            0  Failing Endpoints,  Worst Slack        3.000ns,  Total Violation        0.000ns
---------------------------------------------------------------------------------------------------


Pulse Width Checks
--------------------------------------------------------------------------------------
Clock Name:         sys_clk_pin
Waveform(ns):       { 0.000 5.000 }
Period(ns):         10.000
Sources:            { clk_100mhz }

Check Type        Corner  Lib Pin            Reference Pin  Required(ns)  Actual(ns)  Slack(ns)  Location         Pin
Min Period        n/a     MMCME2_ADV/CLKIN1  n/a            1.249         10.000      8.751      MMCME2_ADV_X1Y2  clk_gen/mmcm_adv_inst/CLKIN1
Max Period        n/a     MMCME2_ADV/CLKIN1  n/a            100.000       10.000      90.000     MMCME2_ADV_X1Y2  clk_gen/mmcm_adv_inst/CLKIN1
Low Pulse Width   Slow    MMCME2_ADV/CLKIN1  n/a            2.000         5.000       3.000      MMCME2_ADV_X1Y2  clk_gen/mmcm_adv_inst/CLKIN1
High Pulse Width  Slow    MMCME2_ADV/CLKIN1  n/a            2.000         5.000       3.000      MMCME2_ADV_X1Y2  clk_gen/mmcm_adv_inst/CLKIN1



---------------------------------------------------------------------------------------------------
From Clock:  clk_out1_clk_wiz_0
  To Clock:  clk_out1_clk_wiz_0

Setup :            0  Failing Endpoints,  Worst Slack        3.818ns,  Total Violation        0.000ns
Hold  :            0  Failing Endpoints,  Worst Slack        0.106ns,  Total Violation        0.000ns
PW    :            0  Failing Endpoints,  Worst Slack        6.712ns,  Total Violation        0.000ns
---------------------------------------------------------------------------------------------------


Max Delay Paths
--------------------------------------------------------------------------------------
Slack (MET) :             3.818ns  (required time - arrival time)
  Source:                 y_com_reg[6]/C
                            (rising edge-triggered cell FDRE clocked by clk_out1_clk_wiz_0  {rise@0.000ns fall@7.692ns period=15.385ns})
  Destination:            com_sprite_m/image/BRAM_reg_1_7/ADDRARDADDR[15]
                            (rising edge-triggered cell RAMB36E1 clocked by clk_out1_clk_wiz_0  {rise@0.000ns fall@7.692ns period=15.385ns})
  Path Group:             clk_out1_clk_wiz_0
  Path Type:              Setup (Max at Slow Process Corner)
  Requirement:            15.385ns  (clk_out1_clk_wiz_0 rise@15.385ns - clk_out1_clk_wiz_0 rise@0.000ns)
  Data Path Delay:        10.732ns  (logic 3.311ns (30.851%)  route 7.421ns (69.149%))
  Logic Levels:           10  (CARRY4=5 LUT2=2 LUT3=1 LUT4=1 LUT5=1)
  Clock Path Skew:        -0.006ns (DCD - SCD + CPR)
    Destination Clock Delay (DCD):    -1.408ns = ( 13.977 - 15.385 ) 
    Source Clock Delay      (SCD):    -0.921ns
    Clock Pessimism Removal (CPR):    0.480ns
  Clock Uncertainty:      0.130ns  ((TSJ^2 + DJ^2)^1/2) / 2 + PE
    Total System Jitter     (TSJ):    0.071ns
    Discrete Jitter          (DJ):    0.251ns
    Phase Error              (PE):    0.000ns

    Location             Delay type                Incr(ns)  Path(ns)    Netlist Resource(s)
  -------------------------------------------------------------------    -------------------
                         (clock clk_out1_clk_wiz_0 rise edge)
                                                      0.000     0.000 r  
    E3                                                0.000     0.000 r  clk_100mhz (IN)
                         net (fo=0)                   0.000     0.000    clk_gen/clk_100mhz
    E3                   IBUF (Prop_ibuf_I_O)         1.482     1.482 r  clk_gen/clkin1_ibufg/O
                         net (fo=1, routed)           1.233     2.715    clk_gen/clk_in1_clk_wiz_0
    MMCME2_ADV_X1Y2      MMCME2_ADV (Prop_mmcme2_adv_CLKIN1_CLKOUT0)
                                                     -7.070    -4.355 r  clk_gen/mmcm_adv_inst/CLKOUT0
                         net (fo=1, routed)           1.719    -2.636    clk_gen/clk_out1_clk_wiz_0
    BUFGCTRL_X0Y16       BUFG (Prop_bufg_I_O)         0.096    -2.540 r  clk_gen/clkout1_buf/O
                         net (fo=654, routed)         1.619    -0.921    clk_65mhz
    SLICE_X60Y81         FDRE                                         r  y_com_reg[6]/C
  -------------------------------------------------------------------    -------------------
    SLICE_X60Y81         FDRE (Prop_fdre_C_Q)         0.478    -0.443 f  y_com_reg[6]/Q
                         net (fo=6, routed)           1.058     0.615    com_sprite_m/p_1_out_inferred__0/i__carry__0_1
    SLICE_X64Y81         LUT4 (Prop_lut4_I0_O)        0.301     0.916 f  com_sprite_m/i__carry_i_7__2/O
                         net (fo=1, routed)           0.444     1.360    com_sprite_m/i__carry_i_7__2_n_0
    SLICE_X64Y81         LUT5 (Prop_lut5_I2_O)        0.124     1.484 r  com_sprite_m/i__carry_i_5__2/O
                         net (fo=29, routed)          1.127     2.611    com_sprite_m/y_com_reg[7]
    SLICE_X47Y79         LUT3 (Prop_lut3_I1_O)        0.124     2.735 r  com_sprite_m/i__carry_i_4__3/O
                         net (fo=1, routed)           0.000     2.735    com_sprite_m/i__carry_i_4__3_n_0
    SLICE_X47Y79         CARRY4 (Prop_carry4_S[0]_O[0])
                                                      0.247     2.982 r  com_sprite_m/p_1_out_inferred__0/i__carry/O[0]
                         net (fo=1, routed)           1.302     4.284    com_sprite_m/A[0]
    SLICE_X76Y77         LUT2 (Prop_lut2_I1_O)        0.299     4.583 r  com_sprite_m/i__carry__0_i_8/O
                         net (fo=1, routed)           0.000     4.583    com_sprite_m/i__carry__0_i_8_n_0
    SLICE_X76Y77         CARRY4 (Prop_carry4_S[1]_CO[3])
                                                      0.533     5.116 r  com_sprite_m/i__carry__0_i_1/CO[3]
                         net (fo=1, routed)           0.000     5.116    com_sprite_m/i__carry__0_i_1_n_0
    SLICE_X76Y78         CARRY4 (Prop_carry4_CI_O[0])
                                                      0.219     5.335 r  com_sprite_m/i__carry__1_i_6/O[0]
                         net (fo=1, routed)           0.572     5.907    com_sprite_m/PCOUT[11]
    SLICE_X74Y77         LUT2 (Prop_lut2_I1_O)        0.295     6.202 r  com_sprite_m/i__carry__1_i_2__1/O
                         net (fo=1, routed)           0.000     6.202    com_sprite_m/i__carry__1_i_2__1_n_0
    SLICE_X74Y77         CARRY4 (Prop_carry4_S[3]_CO[3])
                                                      0.376     6.578 r  com_sprite_m/image_addr_inferred__0/i__carry__1/CO[3]
                         net (fo=1, routed)           0.000     6.578    com_sprite_m/image_addr_inferred__0/i__carry__1_n_0
    SLICE_X74Y78         CARRY4 (Prop_carry4_CI_O[3])
                                                      0.315     6.893 r  com_sprite_m/image_addr_inferred__0/i__carry__2/O[3]
                         net (fo=16, routed)          2.918     9.811    com_sprite_m/image/ADDRARDADDR[15]
    RAMB36_X2Y27         RAMB36E1                                     r  com_sprite_m/image/BRAM_reg_1_7/ADDRARDADDR[15]
  -------------------------------------------------------------------    -------------------

                         (clock clk_out1_clk_wiz_0 rise edge)
                                                     15.385    15.385 r  
    E3                                                0.000    15.385 r  clk_100mhz (IN)
                         net (fo=0)                   0.000    15.385    clk_gen/clk_100mhz
    E3                   IBUF (Prop_ibuf_I_O)         1.411    16.796 r  clk_gen/clkin1_ibufg/O
                         net (fo=1, routed)           1.162    17.958    clk_gen/clk_in1_clk_wiz_0
    MMCME2_ADV_X1Y2      MMCME2_ADV (Prop_mmcme2_adv_CLKIN1_CLKOUT0)
                                                     -7.324    10.634 r  clk_gen/mmcm_adv_inst/CLKOUT0
                         net (fo=1, routed)           1.639    12.273    clk_gen/clk_out1_clk_wiz_0
    BUFGCTRL_X0Y16       BUFG (Prop_bufg_I_O)         0.091    12.364 r  clk_gen/clkout1_buf/O
                         net (fo=654, routed)         1.613    13.977    com_sprite_m/image/clk_out1
    RAMB36_X2Y27         RAMB36E1                                     r  com_sprite_m/image/BRAM_reg_1_7/CLKARDCLK
                         clock pessimism              0.480    14.458    
                         clock uncertainty           -0.130    14.327    
    RAMB36_X2Y27         RAMB36E1 (Setup_ramb36e1_CLKARDCLK_ADDRARDADDR[15])
                                                     -0.698    13.629    com_sprite_m/image/BRAM_reg_1_7
  -------------------------------------------------------------------
                         required time                         13.629    
                         arrival time                          -9.811    
  -------------------------------------------------------------------
                         slack                                  3.818    





Min Delay Paths
--------------------------------------------------------------------------------------
Slack (MET) :             0.106ns  (arrival time - required time)
  Source:                 com_m/y_out_reg[2]/C
                            (rising edge-triggered cell FDRE clocked by clk_out1_clk_wiz_0  {rise@0.000ns fall@7.692ns period=15.385ns})
  Destination:            y_com_reg[2]/D
                            (rising edge-triggered cell FDRE clocked by clk_out1_clk_wiz_0  {rise@0.000ns fall@7.692ns period=15.385ns})
  Path Group:             clk_out1_clk_wiz_0
  Path Type:              Hold (Min at Fast Process Corner)
  Requirement:            0.000ns  (clk_out1_clk_wiz_0 rise@0.000ns - clk_out1_clk_wiz_0 rise@0.000ns)
  Data Path Delay:        0.195ns  (logic 0.141ns (72.269%)  route 0.054ns (27.731%))
  Logic Levels:           0  
  Clock Path Skew:        0.013ns (DCD - SCD - CPR)
    Destination Clock Delay (DCD):    -0.845ns
    Source Clock Delay      (SCD):    -0.605ns
    Clock Pessimism Removal (CPR):    -0.253ns

    Location             Delay type                Incr(ns)  Path(ns)    Netlist Resource(s)
  -------------------------------------------------------------------    -------------------
                         (clock clk_out1_clk_wiz_0 rise edge)
                                                      0.000     0.000 r  
    E3                                                0.000     0.000 r  clk_100mhz (IN)
                         net (fo=0)                   0.000     0.000    clk_gen/clk_100mhz
    E3                   IBUF (Prop_ibuf_I_O)         0.250     0.250 r  clk_gen/clkin1_ibufg/O
                         net (fo=1, routed)           0.440     0.690    clk_gen/clk_in1_clk_wiz_0
    MMCME2_ADV_X1Y2      MMCME2_ADV (Prop_mmcme2_adv_CLKIN1_CLKOUT0)
                                                     -2.379    -1.689 r  clk_gen/mmcm_adv_inst/CLKOUT0
                         net (fo=1, routed)           0.499    -1.190    clk_gen/clk_out1_clk_wiz_0
    BUFGCTRL_X0Y16       BUFG (Prop_bufg_I_O)         0.026    -1.164 r  clk_gen/clkout1_buf/O
                         net (fo=654, routed)         0.559    -0.605    com_m/clk_out1
    SLICE_X61Y81         FDRE                                         r  com_m/y_out_reg[2]/C
  -------------------------------------------------------------------    -------------------
    SLICE_X61Y81         FDRE (Prop_fdre_C_Q)         0.141    -0.464 r  com_m/y_out_reg[2]/Q
                         net (fo=1, routed)           0.054    -0.410    y_com_calc[2]
    SLICE_X60Y81         FDRE                                         r  y_com_reg[2]/D
  -------------------------------------------------------------------    -------------------

                         (clock clk_out1_clk_wiz_0 rise edge)
                                                      0.000     0.000 r  
    E3                                                0.000     0.000 r  clk_100mhz (IN)
                         net (fo=0)                   0.000     0.000    clk_gen/clk_100mhz
    E3                   IBUF (Prop_ibuf_I_O)         0.438     0.438 r  clk_gen/clkin1_ibufg/O
                         net (fo=1, routed)           0.480     0.918    clk_gen/clk_in1_clk_wiz_0
    MMCME2_ADV_X1Y2      MMCME2_ADV (Prop_mmcme2_adv_CLKIN1_CLKOUT0)
                                                     -3.163    -2.245 r  clk_gen/mmcm_adv_inst/CLKOUT0
                         net (fo=1, routed)           0.544    -1.702    clk_gen/clk_out1_clk_wiz_0
    BUFGCTRL_X0Y16       BUFG (Prop_bufg_I_O)         0.029    -1.673 r  clk_gen/clkout1_buf/O
                         net (fo=654, routed)         0.828    -0.845    clk_65mhz
    SLICE_X60Y81         FDRE                                         r  y_com_reg[2]/C
                         clock pessimism              0.253    -0.592    
    SLICE_X60Y81         FDRE (Hold_fdre_C_D)         0.076    -0.516    y_com_reg[2]
  -------------------------------------------------------------------
                         required time                          0.516    
                         arrival time                          -0.410    
  -------------------------------------------------------------------
                         slack                                  0.106    





Pulse Width Checks
--------------------------------------------------------------------------------------
Clock Name:         clk_out1_clk_wiz_0
Waveform(ns):       { 0.000 7.692 }
Period(ns):         15.385
Sources:            { clk_gen/mmcm_adv_inst/CLKOUT0 }

Check Type        Corner  Lib Pin             Reference Pin  Required(ns)  Actual(ns)  Slack(ns)  Location         Pin
Min Period        n/a     RAMB36E1/CLKARDCLK  n/a            2.892         15.385      12.493     RAMB36_X3Y10     com_sprite_m/image/BRAM_reg_0_0/CLKARDCLK
Max Period        n/a     MMCME2_ADV/CLKOUT0  n/a            213.360       15.385      197.975    MMCME2_ADV_X1Y2  clk_gen/mmcm_adv_inst/CLKOUT0
Low Pulse Width   Slow    SRL16E/CLK          n/a            0.980         7.692       6.712      SLICE_X66Y85     crosshair_pipe_reg[2]_srl3/CLK
High Pulse Width  Slow    SRL16E/CLK          n/a            0.980         7.692       6.712      SLICE_X66Y85     crosshair_pipe_reg[2]_srl3/CLK



---------------------------------------------------------------------------------------------------
From Clock:  clkfbout_clk_wiz_0
  To Clock:  clkfbout_clk_wiz_0

Setup :           NA  Failing Endpoints,  Worst Slack           NA  ,  Total Violation           NA
Hold  :           NA  Failing Endpoints,  Worst Slack           NA  ,  Total Violation           NA
PW    :            0  Failing Endpoints,  Worst Slack       47.845ns,  Total Violation        0.000ns
---------------------------------------------------------------------------------------------------


Pulse Width Checks
--------------------------------------------------------------------------------------
Clock Name:         clkfbout_clk_wiz_0
Waveform(ns):       { 0.000 25.000 }
Period(ns):         50.000
Sources:            { clk_gen/mmcm_adv_inst/CLKFBOUT }

Check Type  Corner  Lib Pin             Reference Pin  Required(ns)  Actual(ns)  Slack(ns)  Location         Pin
Min Period  n/a     BUFG/I              n/a            2.155         50.000      47.845     BUFGCTRL_X0Y17   clk_gen/clkf_buf/I
Max Period  n/a     MMCME2_ADV/CLKFBIN  n/a            100.000       50.000      50.000     MMCME2_ADV_X1Y2  clk_gen/mmcm_adv_inst/CLKFBIN



